[2025-08-09T12:36:11.816Z] INFO: Launching browser...
[2025-08-09T12:36:11.816Z] INFO: Using Puppeteer's bundled Chromium (no CHROME_EXECUTABLE provided)
[2025-08-09T12:36:12.009Z] INFO: Setting viewport to 1920x1080...
[2025-08-09T12:36:12.009Z] INFO: Navigating to target URL: https://www.gate.io/p2p/buy/USDT-KES
[2025-08-09T12:36:27.284Z] INFO: Page navigation complete.
[2025-08-09T12:36:27.284Z] INFO: Waiting for merchant elements to load...
[2025-08-09T12:36:27.884Z] INFO: Merchant elements detected.
[2025-08-09T12:36:27.884Z] INFO: Starting auto-scroll to load dynamic content...
[2025-08-09T12:36:31.397Z] INFO: Auto-scroll complete.
[2025-08-09T12:36:31.397Z] INFO: Extracting merchant data...
[2025-08-09T12:36:31.401Z] INFO: Extraction complete. Found 9 merchant(s).
[2025-08-09T12:36:31.401Z] INFO: Successfully extracted 9 merchants! Saving data...
[2025-08-09T12:36:31.401Z] INFO: Data successfully saved to JSON: /home/as/Desktop/devfolder/gateio-p2p-scraper/data/gateio_p2p_merchants.json
[2025-08-09T12:36:31.401Z] INFO: Data successfully saved to CSV: /home/as/Desktop/devfolder/gateio-p2p-scraper/data/gateio_p2p_merchants.csv
[2025-08-09T12:36:31.401Z] INFO: Closing browser...
[2025-08-09T12:36:31.457Z] INFO: Browser closed.
[2025-08-09T12:37:11.856Z] INFO: Launching browser...
[2025-08-09T12:37:11.857Z] INFO: Using Puppeteer's bundled Chromium (no CHROME_EXECUTABLE provided)
[2025-08-09T12:37:12.052Z] INFO: Setting viewport to 1920x1080...
[2025-08-09T12:37:12.053Z] INFO: Navigating to target URL: https://www.gate.io/p2p/buy/USDT-KES
[2025-08-09T12:37:19.438Z] INFO: Page navigation complete.
[2025-08-09T12:37:19.438Z] INFO: Waiting for merchant elements to load...
[2025-08-09T12:37:20.050Z] INFO: Merchant elements detected.
[2025-08-09T12:37:20.050Z] INFO: Starting auto-scroll to load dynamic content...
[2025-08-09T12:37:23.566Z] INFO: Auto-scroll complete.
[2025-08-09T12:37:23.566Z] INFO: Extracting merchant data...
[2025-08-09T12:37:23.573Z] INFO: Extraction complete. Found 9 merchant(s).
[2025-08-09T12:37:23.573Z] INFO: Successfully extracted 9 merchants! Saving data...
[2025-08-09T12:37:23.574Z] INFO: Data successfully saved to JSON: /home/as/Desktop/devfolder/gateio-p2p-scraper/data/gateio_p2p_merchants.json
[2025-08-09T12:37:23.574Z] INFO: Data successfully saved to CSV: /home/as/Desktop/devfolder/gateio-p2p-scraper/data/gateio_p2p_merchants.csv
[2025-08-09T12:37:23.574Z] INFO: Closing browser...
[2025-08-09T12:37:23.626Z] INFO: Browser closed.
[2025-08-09T12:38:11.904Z] INFO: Launching browser...
[2025-08-09T12:38:11.905Z] INFO: Using Puppeteer's bundled Chromium (no CHROME_EXECUTABLE provided)
[2025-08-09T12:38:12.095Z] INFO: Setting viewport to 1920x1080...
[2025-08-09T12:38:12.096Z] INFO: Navigating to target URL: https://www.gate.io/p2p/buy/USDT-KES
[2025-08-09T12:38:21.757Z] INFO: Page navigation complete.
[2025-08-09T12:38:21.757Z] INFO: Waiting for merchant elements to load...
[2025-08-09T12:38:23.003Z] INFO: Merchant elements detected.
[2025-08-09T12:38:23.003Z] INFO: Starting auto-scroll to load dynamic content...
[2025-08-09T12:38:26.509Z] INFO: Auto-scroll complete.
[2025-08-09T12:38:26.509Z] INFO: Extracting merchant data...
[2025-08-09T12:38:26.517Z] INFO: Extraction complete. Found 9 merchant(s).
[2025-08-09T12:38:26.517Z] INFO: Successfully extracted 9 merchants! Saving data...
[2025-08-09T12:38:26.518Z] INFO: Data successfully saved to JSON: /home/as/Desktop/devfolder/gateio-p2p-scraper/data/gateio_p2p_merchants.json
[2025-08-09T12:38:26.518Z] INFO: Data successfully saved to CSV: /home/as/Desktop/devfolder/gateio-p2p-scraper/data/gateio_p2p_merchants.csv
[2025-08-09T12:38:26.518Z] INFO: Closing browser...
[2025-08-09T12:38:26.573Z] INFO: Browser closed.
[2025-08-09T12:39:11.907Z] INFO: Launching browser...
[2025-08-09T12:39:11.907Z] INFO: Using Puppeteer's bundled Chromium (no CHROME_EXECUTABLE provided)
[2025-08-09T12:39:12.099Z] INFO: Setting viewport to 1920x1080...
[2025-08-09T12:39:12.099Z] INFO: Navigating to target URL: https://www.gate.io/p2p/buy/USDT-KES
[2025-08-09T12:39:22.574Z] INFO: Page navigation complete.
[2025-08-09T12:39:22.574Z] INFO: Waiting for merchant elements to load...
[2025-08-09T12:39:23.294Z] INFO: Merchant elements detected.
[2025-08-09T12:39:23.294Z] INFO: Starting auto-scroll to load dynamic content...
[2025-08-09T12:39:26.804Z] INFO: Auto-scroll complete.
[2025-08-09T12:39:26.804Z] INFO: Extracting merchant data...
[2025-08-09T12:39:26.809Z] INFO: Extraction complete. Found 9 merchant(s).
[2025-08-09T12:39:26.809Z] INFO: Successfully extracted 9 merchants! Saving data...
[2025-08-09T12:39:26.809Z] INFO: Data successfully saved to JSON: /home/as/Desktop/devfolder/gateio-p2p-scraper/data/gateio_p2p_merchants.json
[2025-08-09T12:39:26.810Z] INFO: Data successfully saved to CSV: /home/as/Desktop/devfolder/gateio-p2p-scraper/data/gateio_p2p_merchants.csv
[2025-08-09T12:39:26.810Z] INFO: Closing browser...
[2025-08-09T12:39:26.860Z] INFO: Browser closed.
[2025-08-09T12:40:11.942Z] INFO: Launching browser...
[2025-08-09T12:40:11.943Z] INFO: Using Puppeteer's bundled Chromium (no CHROME_EXECUTABLE provided)
[2025-08-09T12:40:12.147Z] INFO: Setting viewport to 1920x1080...
[2025-08-09T12:40:12.148Z] INFO: Navigating to target URL: https://www.gate.io/p2p/buy/USDT-KES
[2025-08-09T12:40:17.189Z] INFO: Page navigation complete.
[2025-08-09T12:40:17.189Z] INFO: Waiting for merchant elements to load...
[2025-08-09T12:40:18.428Z] INFO: Merchant elements detected.
[2025-08-09T12:40:18.428Z] INFO: Starting auto-scroll to load dynamic content...
[2025-08-09T12:40:21.932Z] INFO: Auto-scroll complete.
[2025-08-09T12:40:21.933Z] INFO: Extracting merchant data...
[2025-08-09T12:40:21.939Z] INFO: Extraction complete. Found 9 merchant(s).
[2025-08-09T12:40:21.939Z] INFO: Successfully extracted 9 merchants! Saving data...
[2025-08-09T12:40:21.939Z] INFO: Data successfully saved to JSON: /home/as/Desktop/devfolder/gateio-p2p-scraper/data/gateio_p2p_merchants.json
[2025-08-09T12:40:21.939Z] INFO: Data successfully saved to CSV: /home/as/Desktop/devfolder/gateio-p2p-scraper/data/gateio_p2p_merchants.csv
[2025-08-09T12:40:21.939Z] INFO: Closing browser...
[2025-08-09T12:40:21.988Z] INFO: Browser closed.
[2025-08-09T12:41:11.992Z] INFO: Launching browser...
[2025-08-09T12:41:11.992Z] INFO: Using Puppeteer's bundled Chromium (no CHROME_EXECUTABLE provided)
[2025-08-09T12:41:12.179Z] INFO: Setting viewport to 1920x1080...
[2025-08-09T12:41:12.179Z] INFO: Navigating to target URL: https://www.gate.io/p2p/buy/USDT-KES
[2025-08-09T12:41:18.077Z] INFO: Page navigation complete.
[2025-08-09T12:41:18.077Z] INFO: Waiting for merchant elements to load...
[2025-08-09T12:41:18.609Z] INFO: Merchant elements detected.
[2025-08-09T12:41:18.609Z] INFO: Starting auto-scroll to load dynamic content...
[2025-08-09T12:41:22.114Z] INFO: Auto-scroll complete.
[2025-08-09T12:41:22.114Z] INFO: Extracting merchant data...
[2025-08-09T12:41:22.120Z] INFO: Extraction complete. Found 9 merchant(s).
[2025-08-09T12:41:22.129Z] INFO: Successfully extracted 9 merchants! Saving data...
[2025-08-09T12:41:22.130Z] INFO: Data successfully saved to JSON: /home/as/Desktop/devfolder/gateio-p2p-scraper/data/gateio_p2p_merchants.json
[2025-08-09T12:41:22.130Z] INFO: Data successfully saved to CSV: /home/as/Desktop/devfolder/gateio-p2p-scraper/data/gateio_p2p_merchants.csv
[2025-08-09T12:41:22.130Z] INFO: Closing browser...
[2025-08-09T12:41:22.175Z] INFO: Browser closed.
[2025-08-09T12:42:12.043Z] INFO: Launching browser...
[2025-08-09T12:42:12.043Z] INFO: Using Puppeteer's bundled Chromium (no CHROME_EXECUTABLE provided)
[2025-08-09T12:42:12.236Z] INFO: Setting viewport to 1920x1080...
[2025-08-09T12:42:12.236Z] INFO: Navigating to target URL: https://www.gate.io/p2p/buy/USDT-KES
[2025-08-09T12:42:22.749Z] INFO: Page navigation complete.
[2025-08-09T12:42:22.749Z] INFO: Waiting for merchant elements to load...
[2025-08-09T12:42:23.369Z] INFO: Merchant elements detected.
[2025-08-09T12:42:23.369Z] INFO: Starting auto-scroll to load dynamic content...
[2025-08-09T12:42:26.884Z] INFO: Auto-scroll complete.
[2025-08-09T12:42:26.884Z] INFO: Extracting merchant data...
[2025-08-09T12:42:26.893Z] INFO: Extraction complete. Found 9 merchant(s).
[2025-08-09T12:42:26.893Z] INFO: Successfully extracted 9 merchants! Saving data...
[2025-08-09T12:42:26.893Z] INFO: Data successfully saved to JSON: /home/as/Desktop/devfolder/gateio-p2p-scraper/data/gateio_p2p_merchants.json
[2025-08-09T12:42:26.894Z] INFO: Data successfully saved to CSV: /home/as/Desktop/devfolder/gateio-p2p-scraper/data/gateio_p2p_merchants.csv
[2025-08-09T12:42:26.894Z] INFO: Closing browser...
[2025-08-09T12:42:26.945Z] INFO: Browser closed.
[2025-08-09T12:43:12.087Z] INFO: Launching browser...
[2025-08-09T12:43:12.087Z] INFO: Using Puppeteer's bundled Chromium (no CHROME_EXECUTABLE provided)
[2025-08-09T12:43:12.314Z] INFO: Setting viewport to 1920x1080...
[2025-08-09T12:43:12.314Z] INFO: Navigating to target URL: https://www.gate.io/p2p/buy/USDT-KES
[2025-08-09T12:43:19.121Z] INFO: Page navigation complete.
[2025-08-09T12:43:19.121Z] INFO: Waiting for merchant elements to load...
[2025-08-09T12:43:19.739Z] INFO: Merchant elements detected.
[2025-08-09T12:43:19.739Z] INFO: Starting auto-scroll to load dynamic content...
[2025-08-09T12:43:23.257Z] INFO: Auto-scroll complete.
[2025-08-09T12:43:23.258Z] INFO: Extracting merchant data...
[2025-08-09T12:43:23.263Z] INFO: Extraction complete. Found 9 merchant(s).
[2025-08-09T12:43:23.263Z] INFO: Successfully extracted 9 merchants! Saving data...
[2025-08-09T12:43:23.263Z] INFO: Data successfully saved to JSON: /home/as/Desktop/devfolder/gateio-p2p-scraper/data/gateio_p2p_merchants.json
[2025-08-09T12:43:23.263Z] INFO: Data successfully saved to CSV: /home/as/Desktop/devfolder/gateio-p2p-scraper/data/gateio_p2p_merchants.csv
[2025-08-09T12:43:23.263Z] INFO: Closing browser...
[2025-08-09T12:43:23.335Z] INFO: Browser closed.
[2025-08-09T12:44:12.126Z] INFO: Launching browser...
[2025-08-09T12:44:12.126Z] INFO: Using Puppeteer's bundled Chromium (no CHROME_EXECUTABLE provided)
[2025-08-09T12:44:12.334Z] INFO: Setting viewport to 1920x1080...
[2025-08-09T12:44:12.335Z] INFO: Navigating to target URL: https://www.gate.io/p2p/buy/USDT-KES
[2025-08-09T12:44:19.741Z] INFO: Page navigation complete.
[2025-08-09T12:44:19.741Z] INFO: Waiting for merchant elements to load...
[2025-08-09T12:44:20.230Z] INFO: Merchant elements detected.
[2025-08-09T12:44:20.230Z] INFO: Starting auto-scroll to load dynamic content...
[2025-08-09T12:44:23.732Z] INFO: Auto-scroll complete.
[2025-08-09T12:44:23.732Z] INFO: Extracting merchant data...
[2025-08-09T12:44:23.736Z] INFO: Extraction complete. Found 9 merchant(s).
[2025-08-09T12:44:23.736Z] INFO: Successfully extracted 9 merchants! Saving data...
[2025-08-09T12:44:23.736Z] INFO: Data successfully saved to JSON: /home/as/Desktop/devfolder/gateio-p2p-scraper/data/gateio_p2p_merchants.json
[2025-08-09T12:44:23.736Z] INFO: Data successfully saved to CSV: /home/as/Desktop/devfolder/gateio-p2p-scraper/data/gateio_p2p_merchants.csv
[2025-08-09T12:44:23.736Z] INFO: Closing browser...
[2025-08-09T12:44:23.786Z] INFO: Browser closed.
