[2025-01-22T12:55:57.015Z] INFO: Launching browser...
[2025-01-22T12:55:58.418Z] INFO: Setting viewport to 1920x1080...
[2025-01-22T12:55:58.420Z] INFO: Navigating to target URL: https://www.gate.io/p2p/buy/USDT-KES
[2025-01-22T12:56:03.196Z] INFO: Page navigation complete.
[2025-01-22T12:56:03.196Z] INFO: Waiting for merchant elements to load...
[2025-01-22T12:56:03.460Z] INFO: Merchant elements detected.
[2025-01-22T12:56:03.461Z] INFO: Starting auto-scroll to load dynamic content...
[2025-01-22T12:56:06.765Z] INFO: Auto-scroll complete.
[2025-01-22T12:56:06.766Z] INFO: Extracting merchant data...
[2025-01-22T12:56:06.775Z] INFO: Extraction complete. Found 10 merchant(s).
[2025-01-22T12:56:06.776Z] INFO: Successfully extracted 10 merchants! Saving data...
[2025-01-22T12:56:06.777Z] INFO: Data successfully saved to JSON: C:\Users\salaam\Desktop\projects\private\p2p_alerts\src\gateio\data\gateio_p2p_merchants.json
[2025-01-22T12:56:06.778Z] INFO: Data successfully saved to CSV: C:\Users\salaam\Desktop\projects\private\p2p_alerts\src\gateio\data\gateio_p2p_merchants.csv
[2025-01-22T12:56:06.778Z] INFO: Closing browser...
[2025-01-22T12:56:06.933Z] INFO: Browser closed.
[2025-01-22T12:56:16.885Z] INFO: Launching browser...
[2025-01-22T12:56:18.395Z] INFO: Setting viewport to 1920x1080...
[2025-01-22T12:56:18.397Z] INFO: Navigating to target URL: https://www.gate.io/p2p/buy/USDT-KES
[2025-01-22T12:56:23.074Z] INFO: Page navigation complete.
[2025-01-22T12:56:23.074Z] INFO: Waiting for merchant elements to load...
[2025-01-22T12:56:23.384Z] INFO: Merchant elements detected.
[2025-01-22T12:56:23.384Z] INFO: Starting auto-scroll to load dynamic content...
[2025-01-22T12:56:26.787Z] INFO: Auto-scroll complete.
[2025-01-22T12:56:26.787Z] INFO: Extracting merchant data...
[2025-01-22T12:56:26.793Z] INFO: Extraction complete. Found 10 merchant(s).
[2025-01-22T12:56:26.794Z] INFO: Successfully extracted 10 merchants! Saving data...
[2025-01-22T12:56:26.795Z] INFO: Data successfully saved to JSON: C:\Users\salaam\Desktop\projects\private\p2p_alerts\src\gateio\data\gateio_p2p_merchants.json
[2025-01-22T12:56:26.796Z] INFO: Data successfully saved to CSV: C:\Users\salaam\Desktop\projects\private\p2p_alerts\src\gateio\data\gateio_p2p_merchants.csv
[2025-01-22T12:56:26.796Z] INFO: Closing browser...
[2025-01-22T12:56:27.023Z] INFO: Browser closed.
[2025-01-22T12:56:32.717Z] INFO: Launching browser...
[2025-01-22T12:56:34.147Z] INFO: Setting viewport to 1920x1080...
[2025-01-22T12:56:34.149Z] INFO: Navigating to target URL: https://www.gate.io/p2p/buy/USDT-KES
[2025-01-22T12:57:16.263Z] INFO: Closing browser...
[2025-01-22T12:57:16.411Z] INFO: Browser closed.
